<?xml version="1.0" encoding="UTF-8"?>
<!-- Generated by org.testng.reporters.JUnitReportReporter -->
<testsuite hostname="deepika-evo" failures="0" tests="1" name="selenium.JuiceShop_Register" time="2.570" errors="0" timestamp="2023-04-27T16:32:40 EDT" skipped="0">
  <testcase classname="selenium.JuiceShop_Register" name="register" time="2.570"/>
  <system-out/>
</testsuite> <!-- selenium.JuiceShop_Register -->
