<?xml version="1.0" encoding="UTF-8"?>
<!-- Generated by org.testng.reporters.JUnitReportReporter -->
<testsuite hostname="deepika-evo" failures="0" tests="1" name="module1.NewTest" time="0.361" errors="0" timestamp="2023-04-24T11:36:49 EDT" skipped="0">
  <testcase classname="module1.NewTest" name="test" time="0.361"/>
  <system-out/>
</testsuite> <!-- module1.NewTest -->
